<?xml version="1.0" encoding="UTF-8"?>
<testsuite name="org.example.MainTest" tests="2" skipped="0" failures="0" errors="0" timestamp="2023-05-18T17:59:12" hostname="DESKTOP-PCRDN52" time="0.042">
  <properties/>
  <testcase name="testOnPunctuation()" classname="org.example.MainTest" time="0.038"/>
  <testcase name="testOnReverseSentence()" classname="org.example.MainTest" time="0.001"/>
  <system-out><![CDATA[]]></system-out>
  <system-err><![CDATA[]]></system-err>
</testsuite>
